{"/Users/oceanekl/WCS/JS/project/2104-wns-paris-agowork-back/src/server.ts": {"path":"/Users/oceanekl/WCS/JS/project/2104-wns-paris-agowork-back/src/server.ts","all":false,"statementMap":{"0":{"start":{"line":1,"column":0},"end":{"line":1,"column":26}},"1":{"start":{"line":2,"column":0},"end":{"line":2,"column":32}},"2":{"start":{"line":3,"column":0},"end":{"line":3,"column":43}},"3":{"start":{"line":4,"column":0},"end":{"line":4,"column":41}},"4":{"start":{"line":5,"column":0},"end":{"line":5,"column":38}},"5":{"start":{"line":6,"column":0},"end":{"line":6,"column":71}},"6":{"start":{"line":7,"column":0},"end":{"line":7,"column":0}},"7":{"start":{"line":8,"column":0},"end":{"line":8,"column":28}},"8":{"start":{"line":9,"column":0},"end":{"line":9,"column":0}},"9":{"start":{"line":10,"column":0},"end":{"line":10,"column":68}},"10":{"start":{"line":11,"column":0},"end":{"line":11,"column":0}},"11":{"start":{"line":12,"column":0},"end":{"line":12,"column":77}},"12":{"start":{"line":13,"column":0},"end":{"line":13,"column":57}},"13":{"start":{"line":14,"column":0},"end":{"line":14,"column":2}},"14":{"start":{"line":15,"column":0},"end":{"line":15,"column":28}},"15":{"start":{"line":16,"column":0},"end":{"line":16,"column":43}},"16":{"start":{"line":17,"column":0},"end":{"line":17,"column":4}},"17":{"start":{"line":18,"column":0},"end":{"line":18,"column":22}},"18":{"start":{"line":19,"column":0},"end":{"line":19,"column":83}},"19":{"start":{"line":20,"column":0},"end":{"line":20,"column":3}},"20":{"start":{"line":21,"column":0},"end":{"line":21,"column":2}},"21":{"start":{"line":22,"column":0},"end":{"line":22,"column":13}},"22":{"start":{"line":23,"column":0},"end":{"line":23,"column":53}},"23":{"start":{"line":24,"column":0},"end":{"line":24,"column":2}},"24":{"start":{"line":25,"column":0},"end":{"line":25,"column":20}},"25":{"start":{"line":26,"column":0},"end":{"line":26,"column":53}},"26":{"start":{"line":27,"column":0},"end":{"line":27,"column":2}},"27":{"start":{"line":28,"column":0},"end":{"line":28,"column":16}},"28":{"start":{"line":29,"column":0},"end":{"line":29,"column":2}},"29":{"start":{"line":30,"column":0},"end":{"line":30,"column":1}}},"s":{"0":1,"1":1,"2":1,"3":1,"4":1,"5":1,"6":1,"7":1,"8":1,"9":1,"10":1,"11":1,"12":1,"13":1,"14":1,"15":1,"16":1,"17":1,"18":1,"19":1,"20":1,"21":1,"22":1,"23":1,"24":1,"25":1,"26":1,"27":1,"28":1,"29":1},"branchMap":{"0":{"type":"branch","line":10,"loc":{"start":{"line":10,"column":7},"end":{"line":30,"column":1}},"locations":[{"start":{"line":10,"column":7},"end":{"line":30,"column":1}}]}},"b":{"0":[1]},"fnMap":{"0":{"name":"startServer","decl":{"start":{"line":10,"column":7},"end":{"line":30,"column":1}},"loc":{"start":{"line":10,"column":7},"end":{"line":30,"column":1}},"line":10}},"f":{"0":1}}
,"/Users/oceanekl/WCS/JS/project/2104-wns-paris-agowork-back/src/Controllers/UserController/UserResolver.ts": {"path":"/Users/oceanekl/WCS/JS/project/2104-wns-paris-agowork-back/src/Controllers/UserController/UserResolver.ts","all":false,"statementMap":{"0":{"start":{"line":1,"column":0},"end":{"line":1,"column":67}},"1":{"start":{"line":2,"column":0},"end":{"line":2,"column":62}},"2":{"start":{"line":3,"column":0},"end":{"line":3,"column":58}},"3":{"start":{"line":4,"column":0},"end":{"line":4,"column":0}},"4":{"start":{"line":5,"column":0},"end":{"line":5,"column":15}},"5":{"start":{"line":6,"column":0},"end":{"line":6,"column":27}},"6":{"start":{"line":7,"column":0},"end":{"line":7,"column":0}},"7":{"start":{"line":8,"column":0},"end":{"line":8,"column":47}},"8":{"start":{"line":9,"column":0},"end":{"line":9,"column":69}},"9":{"start":{"line":10,"column":0},"end":{"line":10,"column":50}},"10":{"start":{"line":11,"column":0},"end":{"line":11,"column":5}},"11":{"start":{"line":12,"column":0},"end":{"line":12,"column":0}},"12":{"start":{"line":13,"column":0},"end":{"line":13,"column":29}},"13":{"start":{"line":14,"column":0},"end":{"line":14,"column":32}},"14":{"start":{"line":15,"column":0},"end":{"line":15,"column":38}},"15":{"start":{"line":16,"column":0},"end":{"line":16,"column":5}},"16":{"start":{"line":17,"column":0},"end":{"line":17,"column":0}},"17":{"start":{"line":18,"column":0},"end":{"line":18,"column":30}},"18":{"start":{"line":19,"column":0},"end":{"line":19,"column":28}},"19":{"start":{"line":20,"column":0},"end":{"line":20,"column":60}},"20":{"start":{"line":21,"column":0},"end":{"line":21,"column":58}},"21":{"start":{"line":22,"column":0},"end":{"line":22,"column":52}},"22":{"start":{"line":23,"column":0},"end":{"line":23,"column":50}},"23":{"start":{"line":24,"column":0},"end":{"line":24,"column":55}},"24":{"start":{"line":25,"column":0},"end":{"line":25,"column":7}},"25":{"start":{"line":26,"column":0},"end":{"line":26,"column":31}},"26":{"start":{"line":27,"column":0},"end":{"line":27,"column":27}},"27":{"start":{"line":28,"column":0},"end":{"line":28,"column":33}},"28":{"start":{"line":29,"column":0},"end":{"line":29,"column":31}},"29":{"start":{"line":30,"column":0},"end":{"line":30,"column":26}},"30":{"start":{"line":31,"column":0},"end":{"line":31,"column":23}},"31":{"start":{"line":32,"column":0},"end":{"line":32,"column":29}},"32":{"start":{"line":33,"column":0},"end":{"line":33,"column":10}},"33":{"start":{"line":34,"column":0},"end":{"line":34,"column":42}},"34":{"start":{"line":35,"column":0},"end":{"line":35,"column":42}},"35":{"start":{"line":36,"column":0},"end":{"line":36,"column":22}},"36":{"start":{"line":37,"column":0},"end":{"line":37,"column":5}},"37":{"start":{"line":38,"column":0},"end":{"line":38,"column":0}},"38":{"start":{"line":39,"column":0},"end":{"line":39,"column":30}},"39":{"start":{"line":40,"column":0},"end":{"line":40,"column":28}},"40":{"start":{"line":41,"column":0},"end":{"line":41,"column":46}},"41":{"start":{"line":42,"column":0},"end":{"line":42,"column":60}},"42":{"start":{"line":43,"column":0},"end":{"line":43,"column":58}},"43":{"start":{"line":44,"column":0},"end":{"line":44,"column":52}},"44":{"start":{"line":45,"column":0},"end":{"line":45,"column":50}},"45":{"start":{"line":46,"column":0},"end":{"line":46,"column":55}},"46":{"start":{"line":47,"column":0},"end":{"line":47,"column":7}},"47":{"start":{"line":48,"column":0},"end":{"line":48,"column":28}},"48":{"start":{"line":49,"column":0},"end":{"line":49,"column":34}},"49":{"start":{"line":50,"column":0},"end":{"line":50,"column":32}},"50":{"start":{"line":51,"column":0},"end":{"line":51,"column":26}},"51":{"start":{"line":52,"column":0},"end":{"line":52,"column":24}},"52":{"start":{"line":53,"column":0},"end":{"line":53,"column":29}},"53":{"start":{"line":54,"column":0},"end":{"line":54,"column":10}},"54":{"start":{"line":55,"column":0},"end":{"line":55,"column":52}},"55":{"start":{"line":56,"column":0},"end":{"line":56,"column":20}},"56":{"start":{"line":57,"column":0},"end":{"line":57,"column":5}},"57":{"start":{"line":58,"column":0},"end":{"line":58,"column":4}},"58":{"start":{"line":59,"column":0},"end":{"line":59,"column":50}},"59":{"start":{"line":60,"column":0},"end":{"line":60,"column":68}},"60":{"start":{"line":61,"column":0},"end":{"line":61,"column":50}},"61":{"start":{"line":62,"column":0},"end":{"line":62,"column":46}},"62":{"start":{"line":63,"column":0},"end":{"line":63,"column":20}},"63":{"start":{"line":64,"column":0},"end":{"line":64,"column":5}},"64":{"start":{"line":65,"column":0},"end":{"line":65,"column":0}},"65":{"start":{"line":66,"column":0},"end":{"line":66,"column":1}}},"s":{"0":1,"1":1,"2":1,"3":1,"4":1,"5":1,"6":1,"7":1,"8":1,"9":1,"10":1,"11":1,"12":1,"13":1,"14":1,"15":1,"16":1,"17":1,"18":1,"19":4,"20":4,"21":4,"22":4,"23":4,"24":4,"25":4,"26":4,"27":4,"28":4,"29":4,"30":4,"31":4,"32":4,"33":4,"34":4,"35":4,"36":4,"37":1,"38":1,"39":1,"40":1,"41":1,"42":1,"43":1,"44":1,"45":1,"46":1,"47":1,"48":1,"49":1,"50":1,"51":1,"52":1,"53":1,"54":1,"55":1,"56":1,"57":1,"58":1,"59":1,"60":1,"61":1,"62":1,"63":1,"64":1,"65":1},"branchMap":{"0":{"type":"branch","line":9,"loc":{"start":{"line":9,"column":11},"end":{"line":11,"column":5}},"locations":[{"start":{"line":9,"column":11},"end":{"line":11,"column":5}}]},"1":{"type":"branch","line":10,"loc":{"start":{"line":10,"column":43},"end":{"line":10,"column":49}},"locations":[{"start":{"line":10,"column":43},"end":{"line":10,"column":49}}]},"2":{"type":"branch","line":14,"loc":{"start":{"line":14,"column":11},"end":{"line":16,"column":5}},"locations":[{"start":{"line":14,"column":11},"end":{"line":16,"column":5}}]},"3":{"type":"branch","line":19,"loc":{"start":{"line":19,"column":11},"end":{"line":37,"column":5}},"locations":[{"start":{"line":19,"column":11},"end":{"line":37,"column":5}}]},"4":{"type":"branch","line":40,"loc":{"start":{"line":40,"column":11},"end":{"line":57,"column":5}},"locations":[{"start":{"line":40,"column":11},"end":{"line":57,"column":5}}]},"5":{"type":"branch","line":60,"loc":{"start":{"line":60,"column":11},"end":{"line":64,"column":5}},"locations":[{"start":{"line":60,"column":11},"end":{"line":64,"column":5}}]},"6":{"type":"branch","line":8,"loc":{"start":{"line":8,"column":11},"end":{"line":8,"column":26}},"locations":[{"start":{"line":8,"column":11},"end":{"line":8,"column":26}}]},"7":{"type":"branch","line":9,"loc":{"start":{"line":9,"column":40},"end":{"line":9,"column":54}},"locations":[{"start":{"line":9,"column":40},"end":{"line":9,"column":54}}]},"8":{"type":"branch","line":13,"loc":{"start":{"line":13,"column":11},"end":{"line":13,"column":28}},"locations":[{"start":{"line":13,"column":11},"end":{"line":13,"column":28}}]},"9":{"type":"branch","line":18,"loc":{"start":{"line":18,"column":14},"end":{"line":18,"column":29}},"locations":[{"start":{"line":18,"column":14},"end":{"line":18,"column":29}}]},"10":{"type":"branch","line":20,"loc":{"start":{"line":20,"column":26},"end":{"line":20,"column":40}},"locations":[{"start":{"line":20,"column":26},"end":{"line":20,"column":40}}]},"11":{"type":"branch","line":21,"loc":{"start":{"line":21,"column":25},"end":{"line":21,"column":39}},"locations":[{"start":{"line":21,"column":25},"end":{"line":21,"column":39}}]},"12":{"type":"branch","line":22,"loc":{"start":{"line":22,"column":22},"end":{"line":22,"column":36}},"locations":[{"start":{"line":22,"column":22},"end":{"line":22,"column":36}}]},"13":{"type":"branch","line":23,"loc":{"start":{"line":23,"column":21},"end":{"line":23,"column":35}},"locations":[{"start":{"line":23,"column":21},"end":{"line":23,"column":35}}]},"14":{"type":"branch","line":24,"loc":{"start":{"line":24,"column":24},"end":{"line":24,"column":38}},"locations":[{"start":{"line":24,"column":24},"end":{"line":24,"column":38}}]},"15":{"type":"branch","line":39,"loc":{"start":{"line":39,"column":14},"end":{"line":39,"column":29}},"locations":[{"start":{"line":39,"column":14},"end":{"line":39,"column":29}}]},"16":{"type":"branch","line":41,"loc":{"start":{"line":41,"column":19},"end":{"line":41,"column":33}},"locations":[{"start":{"line":41,"column":19},"end":{"line":41,"column":33}}]},"17":{"type":"branch","line":42,"loc":{"start":{"line":42,"column":26},"end":{"line":42,"column":40}},"locations":[{"start":{"line":42,"column":26},"end":{"line":42,"column":40}}]},"18":{"type":"branch","line":43,"loc":{"start":{"line":43,"column":25},"end":{"line":43,"column":39}},"locations":[{"start":{"line":43,"column":25},"end":{"line":43,"column":39}}]},"19":{"type":"branch","line":44,"loc":{"start":{"line":44,"column":22},"end":{"line":44,"column":36}},"locations":[{"start":{"line":44,"column":22},"end":{"line":44,"column":36}}]},"20":{"type":"branch","line":45,"loc":{"start":{"line":45,"column":21},"end":{"line":45,"column":35}},"locations":[{"start":{"line":45,"column":21},"end":{"line":45,"column":35}}]},"21":{"type":"branch","line":46,"loc":{"start":{"line":46,"column":24},"end":{"line":46,"column":38}},"locations":[{"start":{"line":46,"column":24},"end":{"line":46,"column":38}}]},"22":{"type":"branch","line":59,"loc":{"start":{"line":59,"column":14},"end":{"line":59,"column":29}},"locations":[{"start":{"line":59,"column":14},"end":{"line":59,"column":29}}]},"23":{"type":"branch","line":60,"loc":{"start":{"line":60,"column":39},"end":{"line":60,"column":53}},"locations":[{"start":{"line":60,"column":39},"end":{"line":60,"column":53}}]}},"b":{"0":[1],"1":[0],"2":[1],"3":[4],"4":[1],"5":[1],"6":[1],"7":[3],"8":[1],"9":[1],"10":[9],"11":[9],"12":[9],"13":[9],"14":[9],"15":[1],"16":[3],"17":[3],"18":[3],"19":[3],"20":[3],"21":[3],"22":[1],"23":[3]},"fnMap":{"0":{"name":"getUserById","decl":{"start":{"line":9,"column":11},"end":{"line":11,"column":5}},"loc":{"start":{"line":9,"column":11},"end":{"line":11,"column":5}},"line":9},"1":{"name":"getAllUsers","decl":{"start":{"line":14,"column":11},"end":{"line":16,"column":5}},"loc":{"start":{"line":14,"column":11},"end":{"line":16,"column":5}},"line":14},"2":{"name":"createUser","decl":{"start":{"line":19,"column":11},"end":{"line":37,"column":5}},"loc":{"start":{"line":19,"column":11},"end":{"line":37,"column":5}},"line":19},"3":{"name":"updateUser","decl":{"start":{"line":40,"column":11},"end":{"line":57,"column":5}},"loc":{"start":{"line":40,"column":11},"end":{"line":57,"column":5}},"line":40},"4":{"name":"deleteUser","decl":{"start":{"line":60,"column":11},"end":{"line":64,"column":5}},"loc":{"start":{"line":60,"column":11},"end":{"line":64,"column":5}},"line":60},"5":{"name":"Object.<anonymous>.type_graphql_1.Query.nullable","decl":{"start":{"line":8,"column":11},"end":{"line":8,"column":26}},"loc":{"start":{"line":8,"column":11},"end":{"line":8,"column":26}},"line":8},"6":{"name":"Object.<anonymous>.type_graphql_1.Mutation.nullable","decl":{"start":{"line":59,"column":14},"end":{"line":59,"column":29}},"loc":{"start":{"line":59,"column":14},"end":{"line":59,"column":29}},"line":59}},"f":{"0":1,"1":1,"2":4,"3":1,"4":1,"5":1,"6":1}}
,"/Users/oceanekl/WCS/JS/project/2104-wns-paris-agowork-back/src/Models/UserModel/UserSchema.ts": {"path":"/Users/oceanekl/WCS/JS/project/2104-wns-paris-agowork-back/src/Models/UserModel/UserSchema.ts","all":false,"statementMap":{"0":{"start":{"line":1,"column":0},"end":{"line":1,"column":37}},"1":{"start":{"line":2,"column":0},"end":{"line":2,"column":31}},"2":{"start":{"line":3,"column":0},"end":{"line":3,"column":0}},"3":{"start":{"line":4,"column":0},"end":{"line":4,"column":31}},"4":{"start":{"line":5,"column":0},"end":{"line":5,"column":20}},"5":{"start":{"line":6,"column":0},"end":{"line":6,"column":19}},"6":{"start":{"line":7,"column":0},"end":{"line":7,"column":16}},"7":{"start":{"line":8,"column":0},"end":{"line":8,"column":15}},"8":{"start":{"line":9,"column":0},"end":{"line":9,"column":18}},"9":{"start":{"line":10,"column":0},"end":{"line":10,"column":3}},"10":{"start":{"line":11,"column":0},"end":{"line":11,"column":0}},"11":{"start":{"line":12,"column":0},"end":{"line":12,"column":70}},"12":{"start":{"line":13,"column":0},"end":{"line":13,"column":21}}},"s":{"0":1,"1":1,"2":1,"3":1,"4":1,"5":1,"6":1,"7":1,"8":1,"9":1,"10":1,"11":1,"12":1},"branchMap":{},"b":{},"fnMap":{},"f":{}}
,"/Users/oceanekl/WCS/JS/project/2104-wns-paris-agowork-back/src/Models/UserModel/UserTypeGraphql.ts": {"path":"/Users/oceanekl/WCS/JS/project/2104-wns-paris-agowork-back/src/Models/UserModel/UserTypeGraphql.ts","all":false,"statementMap":{"0":{"start":{"line":1,"column":0},"end":{"line":1,"column":53}},"1":{"start":{"line":2,"column":0},"end":{"line":2,"column":0}},"2":{"start":{"line":3,"column":0},"end":{"line":3,"column":21}},"3":{"start":{"line":4,"column":0},"end":{"line":4,"column":21}},"4":{"start":{"line":5,"column":0},"end":{"line":5,"column":23}},"5":{"start":{"line":6,"column":0},"end":{"line":6,"column":27}},"6":{"start":{"line":7,"column":0},"end":{"line":7,"column":4}},"7":{"start":{"line":8,"column":0},"end":{"line":8,"column":0}},"8":{"start":{"line":9,"column":0},"end":{"line":9,"column":13}},"9":{"start":{"line":10,"column":0},"end":{"line":10,"column":19}},"10":{"start":{"line":11,"column":0},"end":{"line":11,"column":38}},"11":{"start":{"line":12,"column":0},"end":{"line":12,"column":19}},"12":{"start":{"line":13,"column":0},"end":{"line":13,"column":0}},"13":{"start":{"line":14,"column":0},"end":{"line":14,"column":42}},"14":{"start":{"line":15,"column":0},"end":{"line":15,"column":26}},"15":{"start":{"line":16,"column":0},"end":{"line":16,"column":4}},"16":{"start":{"line":17,"column":0},"end":{"line":17,"column":42}},"17":{"start":{"line":18,"column":0},"end":{"line":18,"column":25}},"18":{"start":{"line":19,"column":0},"end":{"line":19,"column":0}},"19":{"start":{"line":20,"column":0},"end":{"line":20,"column":42}},"20":{"start":{"line":21,"column":0},"end":{"line":21,"column":22}},"21":{"start":{"line":22,"column":0},"end":{"line":22,"column":0}},"22":{"start":{"line":23,"column":0},"end":{"line":23,"column":42}},"23":{"start":{"line":24,"column":0},"end":{"line":24,"column":21}},"24":{"start":{"line":25,"column":0},"end":{"line":25,"column":0}},"25":{"start":{"line":26,"column":0},"end":{"line":26,"column":42}},"26":{"start":{"line":27,"column":0},"end":{"line":27,"column":24}},"27":{"start":{"line":28,"column":0},"end":{"line":28,"column":0}},"28":{"start":{"line":29,"column":0},"end":{"line":29,"column":1}}},"s":{"0":1,"1":1,"2":1,"3":1,"4":1,"5":1,"6":1,"7":1,"8":1,"9":0,"10":0,"11":0,"12":0,"13":0,"14":0,"15":0,"16":0,"17":0,"18":0,"19":0,"20":0,"21":0,"22":0,"23":0,"24":0,"25":0,"26":0,"27":0,"28":0},"branchMap":{"0":{"type":"branch","line":11,"loc":{"start":{"line":11,"column":11},"end":{"line":11,"column":19}},"locations":[{"start":{"line":11,"column":11},"end":{"line":11,"column":19}}]},"1":{"type":"branch","line":14,"loc":{"start":{"line":14,"column":11},"end":{"line":14,"column":23}},"locations":[{"start":{"line":14,"column":11},"end":{"line":14,"column":23}}]},"2":{"type":"branch","line":17,"loc":{"start":{"line":17,"column":11},"end":{"line":17,"column":23}},"locations":[{"start":{"line":17,"column":11},"end":{"line":17,"column":23}}]},"3":{"type":"branch","line":20,"loc":{"start":{"line":20,"column":11},"end":{"line":20,"column":23}},"locations":[{"start":{"line":20,"column":11},"end":{"line":20,"column":23}}]},"4":{"type":"branch","line":23,"loc":{"start":{"line":23,"column":11},"end":{"line":23,"column":23}},"locations":[{"start":{"line":23,"column":11},"end":{"line":23,"column":23}}]},"5":{"type":"branch","line":26,"loc":{"start":{"line":26,"column":11},"end":{"line":26,"column":23}},"locations":[{"start":{"line":26,"column":11},"end":{"line":26,"column":23}}]}},"b":{"0":[1],"1":[1],"2":[1],"3":[1],"4":[1],"5":[1]},"fnMap":{"0":{"name":"User","decl":{"start":{"line":10,"column":0},"end":{"line":29,"column":1}},"loc":{"start":{"line":10,"column":0},"end":{"line":29,"column":1}},"line":10},"1":{"name":"Object.<anonymous>.type_graphql_1.Field.nullable","decl":{"start":{"line":11,"column":11},"end":{"line":11,"column":19}},"loc":{"start":{"line":11,"column":11},"end":{"line":11,"column":19}},"line":11},"2":{"name":"Object.<anonymous>.type_graphql_1.Field.nullable","decl":{"start":{"line":14,"column":11},"end":{"line":14,"column":23}},"loc":{"start":{"line":14,"column":11},"end":{"line":14,"column":23}},"line":14},"3":{"name":"Object.<anonymous>.type_graphql_1.Field.nullable","decl":{"start":{"line":17,"column":11},"end":{"line":17,"column":23}},"loc":{"start":{"line":17,"column":11},"end":{"line":17,"column":23}},"line":17},"4":{"name":"Object.<anonymous>.type_graphql_1.Field.nullable","decl":{"start":{"line":20,"column":11},"end":{"line":20,"column":23}},"loc":{"start":{"line":20,"column":11},"end":{"line":20,"column":23}},"line":20},"5":{"name":"Object.<anonymous>.type_graphql_1.Field.nullable","decl":{"start":{"line":23,"column":11},"end":{"line":23,"column":23}},"loc":{"start":{"line":23,"column":11},"end":{"line":23,"column":23}},"line":23},"6":{"name":"Object.<anonymous>.type_graphql_1.Field.nullable","decl":{"start":{"line":26,"column":11},"end":{"line":26,"column":23}},"loc":{"start":{"line":26,"column":11},"end":{"line":26,"column":23}},"line":26}},"f":{"0":0,"1":1,"2":1,"3":1,"4":1,"5":1,"6":1}}
,"/Users/oceanekl/WCS/JS/project/2104-wns-paris-agowork-back/src/config/environnement.dev.ts": {"path":"/Users/oceanekl/WCS/JS/project/2104-wns-paris-agowork-back/src/config/environnement.dev.ts","all":false,"statementMap":{"0":{"start":{"line":1,"column":0},"end":{"line":1,"column":28}},"1":{"start":{"line":2,"column":0},"end":{"line":2,"column":27}},"2":{"start":{"line":3,"column":0},"end":{"line":3,"column":0}},"3":{"start":{"line":4,"column":0},"end":{"line":4,"column":27}},"4":{"start":{"line":5,"column":0},"end":{"line":5,"column":93}},"5":{"start":{"line":6,"column":0},"end":{"line":6,"column":63}},"6":{"start":{"line":7,"column":0},"end":{"line":7,"column":37}},"7":{"start":{"line":8,"column":0},"end":{"line":8,"column":20}},"8":{"start":{"line":9,"column":0},"end":{"line":9,"column":14}},"9":{"start":{"line":10,"column":0},"end":{"line":10,"column":2}}},"s":{"0":1,"1":1,"2":1,"3":1,"4":1,"5":1,"6":1,"7":1,"8":1,"9":1},"branchMap":{},"b":{},"fnMap":{},"f":{}}
}
