TN:
SF:server.ts
FN:12,startServer
FNF:1
FNH:1
FNDA:1,startServer
DA:1,1
DA:2,1
DA:3,1
DA:4,1
DA:5,1
DA:6,1
DA:7,1
DA:8,1
DA:9,1
DA:10,1
DA:11,1
DA:12,1
DA:13,1
DA:14,1
DA:15,1
DA:16,1
DA:17,1
DA:18,1
DA:19,1
DA:20,1
DA:21,1
DA:22,1
DA:23,1
DA:24,1
DA:25,1
DA:26,1
DA:27,1
DA:28,1
DA:29,1
DA:30,1
DA:31,1
DA:32,1
LF:32
LH:32
BRDA:12,0,0,1
BRF:1
BRH:1
end_of_record
TN:
SF:src/config/environnement.dev.ts
FNF:0
FNH:0
DA:1,1
DA:2,1
DA:3,1
DA:4,1
DA:5,1
DA:6,1
DA:7,1
DA:8,1
DA:9,1
LF:9
LH:9
BRF:0
BRH:0
end_of_record
TN:
SF:src/controller/UserResolver.ts
FN:9,getUserById
FN:14,getAllUsers
FN:19,createUser
FN:34,updateUser
FN:45,deleteUser
FN:8,Object.<anonymous>.type_graphql_1.Query.nullable
FN:44,Object.<anonymous>.type_graphql_1.Mutation.nullable
FNF:7
FNH:7
FNDA:1,getUserById
FNDA:1,getAllUsers
FNDA:4,createUser
FNDA:1,updateUser
FNDA:1,deleteUser
FNDA:1,Object.<anonymous>.type_graphql_1.Query.nullable
FNDA:1,Object.<anonymous>.type_graphql_1.Mutation.nullable
DA:1,1
DA:2,1
DA:3,1
DA:4,1
DA:5,1
DA:6,1
DA:7,1
DA:8,1
DA:9,1
DA:10,1
DA:11,1
DA:12,1
DA:13,1
DA:14,1
DA:15,1
DA:16,1
DA:17,1
DA:18,1
DA:19,1
DA:20,4
DA:21,4
DA:22,4
DA:23,4
DA:24,4
DA:25,4
DA:26,4
DA:27,4
DA:28,4
DA:29,4
DA:30,4
DA:31,4
DA:32,1
DA:33,1
DA:34,1
DA:35,1
DA:36,1
DA:37,1
DA:38,1
DA:39,1
DA:40,1
DA:41,1
DA:42,1
DA:43,1
DA:44,1
DA:45,1
DA:46,1
DA:47,1
DA:48,1
DA:49,1
DA:50,1
DA:51,1
LF:51
LH:51
BRDA:9,0,0,1
BRDA:10,1,0,0
BRDA:14,2,0,1
BRDA:19,3,0,4
BRDA:34,4,0,1
BRDA:45,5,0,1
BRDA:8,6,0,1
BRDA:9,7,0,3
BRDA:13,8,0,1
BRDA:18,9,0,1
BRDA:20,10,0,9
BRDA:21,11,0,9
BRDA:33,12,0,1
BRDA:35,13,0,3
BRDA:36,14,0,3
BRDA:37,15,0,3
BRDA:44,16,0,1
BRDA:45,17,0,3
BRF:18
BRH:17
end_of_record
TN:
SF:src/model/UserModel.ts
FNF:0
FNH:0
DA:1,1
DA:2,1
DA:3,1
DA:4,1
DA:5,1
DA:6,1
DA:7,1
DA:8,1
DA:9,1
DA:10,1
LF:10
LH:10
BRF:0
BRH:0
end_of_record
TN:
SF:src/model/graphql/User.ts
FN:4,User
FN:5,Object.<anonymous>.type_graphql_1.Field.nullable
FN:8,Object.<anonymous>.type_graphql_1.Field.nullable
FN:12,Object.<anonymous>.type_graphql_1.Field.nullable
FNF:4
FNH:3
FNDA:0,User
FNDA:1,Object.<anonymous>.type_graphql_1.Field.nullable
FNDA:1,Object.<anonymous>.type_graphql_1.Field.nullable
FNDA:1,Object.<anonymous>.type_graphql_1.Field.nullable
DA:1,1
DA:2,1
DA:3,1
DA:4,0
DA:5,0
DA:6,0
DA:7,0
DA:8,0
DA:9,0
DA:10,0
DA:11,0
DA:12,0
DA:13,0
DA:14,0
LF:14
LH:3
BRDA:5,0,0,1
BRDA:8,1,0,1
BRDA:12,2,0,1
BRF:3
BRH:3
end_of_record
