TN:
SF:server.ts
FN:14,startServer
FNF:1
FNH:1
FNDA:1,startServer
DA:1,1
DA:2,1
DA:3,1
DA:4,1
DA:5,1
DA:6,1
DA:7,1
DA:8,1
DA:9,1
DA:10,1
DA:11,1
DA:12,1
DA:13,1
DA:14,1
DA:15,1
DA:16,1
DA:17,1
DA:18,1
DA:19,1
DA:20,1
DA:21,1
DA:22,1
DA:23,1
DA:24,1
DA:25,1
DA:26,1
DA:27,1
DA:28,1
DA:29,1
DA:30,1
DA:31,1
DA:32,1
DA:33,1
DA:34,1
DA:35,1
DA:36,1
DA:37,1
DA:38,1
DA:39,1
DA:40,1
DA:41,1
DA:42,1
DA:43,1
DA:44,1
DA:45,1
DA:46,1
DA:47,1
DA:48,1
DA:49,1
DA:50,1
DA:51,1
DA:52,1
DA:53,1
DA:54,1
DA:55,1
DA:56,1
DA:57,1
LF:57
LH:57
BRDA:14,0,0,1
BRF:1
BRH:1
end_of_record
TN:
SF:src/config/environnement.dev.ts
FNF:0
FNH:0
DA:1,1
DA:2,1
DA:3,1
DA:4,1
DA:5,1
DA:6,1
DA:7,1
DA:8,1
DA:9,1
LF:9
LH:9
BRF:0
BRH:0
end_of_record
TN:
SF:src/controller/UserResolver.ts
FN:11,getUserById
FN:21,getAllUsers
FN:28,createUser
FN:45,updateUser
FN:58,deleteUser
FN:10,Object.<anonymous>.type_graphql_1.Query.nullable
FN:57,Object.<anonymous>.type_graphql_1.Mutation.nullable
FNF:7
FNH:4
FNDA:0,getUserById
FNDA:1,getAllUsers
FNDA:4,createUser
FNDA:0,updateUser
FNDA:0,deleteUser
FNDA:1,Object.<anonymous>.type_graphql_1.Query.nullable
FNDA:1,Object.<anonymous>.type_graphql_1.Mutation.nullable
DA:1,1
DA:2,1
DA:3,1
DA:4,1
DA:5,1
DA:6,1
DA:7,1
DA:8,1
DA:9,1
DA:10,1
DA:11,1
DA:12,0
DA:13,0
DA:14,0
DA:15,0
DA:16,0
DA:17,1
DA:18,1
DA:19,1
DA:20,1
DA:21,1
DA:22,1
DA:23,1
DA:24,1
DA:25,1
DA:26,1
DA:27,1
DA:28,1
DA:29,4
DA:30,4
DA:31,4
DA:32,4
DA:33,4
DA:34,4
DA:35,4
DA:36,4
DA:37,4
DA:38,4
DA:39,4
DA:40,4
DA:41,1
DA:42,1
DA:43,1
DA:44,1
DA:45,1
DA:46,0
DA:47,0
DA:48,0
DA:49,0
DA:50,0
DA:51,0
DA:52,0
DA:53,0
DA:54,1
DA:55,1
DA:56,1
DA:57,1
DA:58,1
DA:59,0
DA:60,0
DA:61,0
DA:62,0
DA:63,1
DA:64,1
LF:64
LH:47
BRDA:21,0,0,1
BRDA:28,1,0,4
BRDA:10,2,0,1
BRDA:11,3,0,1
BRDA:20,4,0,1
BRDA:27,5,0,1
BRDA:29,6,0,9
BRDA:30,7,0,9
BRDA:44,8,0,1
BRDA:46,9,0,1
BRDA:47,10,0,1
BRDA:48,11,0,1
BRDA:57,12,0,1
BRDA:58,13,0,1
BRF:14
BRH:14
end_of_record
TN:
SF:src/model/UserModel.ts
FNF:0
FNH:0
DA:1,1
DA:2,1
DA:3,1
DA:4,1
DA:5,1
DA:6,1
DA:7,1
DA:8,1
DA:9,1
DA:10,1
DA:11,1
DA:12,1
DA:13,1
DA:14,1
LF:14
LH:14
BRF:0
BRH:0
end_of_record
TN:
SF:src/model/graphql/User.ts
FN:5,User
FN:6,Object.<anonymous>.type_graphql_1.Field.nullable
FN:10,Object.<anonymous>.type_graphql_1.Field.nullable
FN:14,Object.<anonymous>.type_graphql_1.Field.nullable
FNF:4
FNH:3
FNDA:0,User
FNDA:1,Object.<anonymous>.type_graphql_1.Field.nullable
FNDA:1,Object.<anonymous>.type_graphql_1.Field.nullable
FNDA:1,Object.<anonymous>.type_graphql_1.Field.nullable
DA:1,1
DA:2,1
DA:3,1
DA:4,1
DA:5,0
DA:6,0
DA:7,0
DA:8,0
DA:9,0
DA:10,0
DA:11,0
DA:12,0
DA:13,0
DA:14,0
DA:15,0
DA:16,0
LF:16
LH:4
BRDA:6,0,0,1
BRDA:10,1,0,1
BRDA:14,2,0,1
BRF:3
BRH:3
end_of_record
